<?xml version="1.0" encoding="UTF-8"?>
<testng-results skipped="0" failed="0" ignored="0" total="1" passed="1">
  <reporter-output>
  </reporter-output>
  <suite name="Default suite" duration-ms="3349" started-at="2018-04-29T19:43:19Z" finished-at="2018-04-29T19:43:22Z">
    <groups>
    </groups>
    <test name="Default test" duration-ms="3349" started-at="2018-04-29T19:43:19Z" finished-at="2018-04-29T19:43:22Z">
      <class name="com.myproject.imdb.topMovies">
        <test-method status="PASS" signature="getTopMovies()[pri:0, instance:com.myproject.imdb.topMovies@59fa1d9b]" name="getTopMovies" duration-ms="3323" started-at="2018-04-29T19:43:19Z" finished-at="2018-04-29T19:43:22Z">
          <reporter-output>
          </reporter-output>
        </test-method> <!-- getTopMovies -->
      </class> <!-- com.myproject.imdb.topMovies -->
    </test> <!-- Default test -->
  </suite> <!-- Default suite -->
</testng-results>
