<?xml version="1.0" encoding="UTF-8"?>
<testng-results skipped="0" failed="0" ignored="0" total="1" passed="1">
  <reporter-output>
  </reporter-output>
  <suite name="Suite" duration-ms="34225" started-at="2018-07-08T19:30:52Z" finished-at="2018-07-08T19:31:26Z">
    <groups>
      <group name="cucumber">
        <method signature="AbstractTestNGCucumberTests.feature(cucumber.api.testng.CucumberFeatureWrapper)[pri:0, instance:com.hellofresh.runner.Runner$runner@71423665]" name="feature" class="cucumber.api.testng.AbstractTestNGCucumberTests"/>
      </group> <!-- cucumber -->
    </groups>
    <test name="Test" duration-ms="34225" started-at="2018-07-08T19:30:52Z" finished-at="2018-07-08T19:31:26Z">
      <class name="com.hellofresh.runner.Runner$runner">
        <test-method status="PASS" signature="setUpClass()[pri:0, instance:com.hellofresh.runner.Runner$runner@71423665]" name="setUpClass" is-config="true" duration-ms="236" started-at="2018-07-08T19:30:52Z" finished-at="2018-07-08T19:30:52Z">
          <reporter-output>
          </reporter-output>
        </test-method> <!-- setUpClass -->
        <test-method status="PASS" signature="feature(cucumber.api.testng.CucumberFeatureWrapper)[pri:0, instance:com.hellofresh.runner.Runner$runner@71423665]" name="feature" duration-ms="33872" started-at="2018-07-08T19:30:52Z" description="Runs Cucumber Feature" data-provider="features" finished-at="2018-07-08T19:31:26Z">
          <params>
            <param index="0">
              <value>
                <![CDATA[Challenge]]>
              </value>
            </param>
          </params>
          <reporter-output>
          </reporter-output>
        </test-method> <!-- feature -->
        <test-method status="PASS" signature="tearDownClass()[pri:0, instance:com.hellofresh.runner.Runner$runner@71423665]" name="tearDownClass" is-config="true" duration-ms="12" started-at="2018-07-08T19:31:26Z" finished-at="2018-07-08T19:31:26Z">
          <reporter-output>
          </reporter-output>
        </test-method> <!-- tearDownClass -->
      </class> <!-- com.hellofresh.runner.Runner$runner -->
    </test> <!-- Test -->
  </suite> <!-- Suite -->
</testng-results>
