<?xml version="1.0" encoding="UTF-8"?>
<!-- Generated by org.testng.reporters.JUnitXMLReporter -->
<testsuite hostname="sam-pc" ignored="0" name="Test" tests="6" failures="0" timestamp="05 Jul 2018 09:55:09 GMT" time="25.921" errors="0">
  <testcase name="@AfterClass afterClassMethod" time="1.516" classname="com.example.ParallelTestingGrid.ParallelTest">
    <failure type="java.lang.NullPointerException">
      <![CDATA[java.lang.NullPointerException
at com.example.ParallelTestingGrid.ParallelTest.afterClassMethod(ParallelTest.java:113)
at java.util.concurrent.ThreadPoolExecutor.runWorker(ThreadPoolExecutor.java:1149)
at java.util.concurrent.ThreadPoolExecutor$Worker.run(ThreadPoolExecutor.java:624)
at java.lang.Thread.run(Thread.java:748)
... Removed 11 stack frames]]>
    </failure>
  </testcase> <!-- @AfterClass afterClassMethod -->
  <testcase name="secondChrome" time="2.707" classname="com.example.ParallelTestingGrid.ParallelTest"/>
  <testcase name="firstChrome" time="2.731" classname="com.example.ParallelTestingGrid.ParallelTest"/>
  <testcase name="thirdChrome" time="2.019" classname="com.example.ParallelTestingGrid.ParallelTest"/>
  <testcase name="first" time="7.897" classname="com.example.ParallelTestingGrid.ParallelTest"/>
  <testcase name="third" time="7.909" classname="com.example.ParallelTestingGrid.ParallelTest"/>
  <testcase name="second" time="7.922" classname="com.example.ParallelTestingGrid.ParallelTest"/>
</testsuite> <!-- Test -->
