<?xml version="1.0" encoding="UTF-8"?>
<testng-results skipped="0" failed="0" ignored="0" total="1" passed="1">
  <reporter-output>
  </reporter-output>
  <suite name="Suite" duration-ms="34" started-at="2018-04-22T20:15:44Z" finished-at="2018-04-22T20:15:44Z">
    <groups>
    </groups>
    <test name="Regression" duration-ms="34" started-at="2018-04-22T20:15:44Z" finished-at="2018-04-22T20:15:44Z">
      <class name="com.myproject.simpleProj.sampleTest">
        <test-method status="PASS" signature="simpleMethod()[pri:0, instance:com.myproject.simpleProj.sampleTest@25af5db5]" name="simpleMethod" duration-ms="11" started-at="2018-04-22T20:15:44Z" finished-at="2018-04-22T20:15:44Z">
          <reporter-output>
          </reporter-output>
        </test-method> <!-- simpleMethod -->
      </class> <!-- com.myproject.simpleProj.sampleTest -->
    </test> <!-- Regression -->
  </suite> <!-- Suite -->
</testng-results>
