<?xml version="1.0" encoding="UTF-8"?>
<testng-results skipped="0" failed="0" ignored="0" total="1" passed="1">
  <reporter-output>
  </reporter-output>
  <suite name="Default suite" duration-ms="44" started-at="2018-04-08T19:45:58Z" finished-at="2018-04-08T19:45:58Z">
    <groups>
    </groups>
    <test name="Default test" duration-ms="44" started-at="2018-04-08T19:45:58Z" finished-at="2018-04-08T19:45:58Z">
      <class name="org.companyname.projectname.WebSrvcAutomation.prop">
        <test-method status="PASS" signature="getPropsforme()[pri:0, instance:org.companyname.projectname.WebSrvcAutomation.prop@5034c75a]" name="getPropsforme" duration-ms="10" started-at="2018-04-08T19:45:58Z" finished-at="2018-04-08T19:45:58Z">
          <reporter-output>
          </reporter-output>
        </test-method> <!-- getPropsforme -->
      </class> <!-- org.companyname.projectname.WebSrvcAutomation.prop -->
    </test> <!-- Default test -->
  </suite> <!-- Default suite -->
</testng-results>
