<?xml version="1.0" encoding="UTF-8"?>
<testng-results skipped="0" failed="0" ignored="0" total="1" passed="1">
  <reporter-output>
  </reporter-output>
  <suite name="Suite" duration-ms="6622" started-at="2018-07-01T10:57:51Z" finished-at="2018-07-01T10:57:58Z">
    <groups>
      <group name="cucumber">
        <method signature="AbstractTestNGCucumberTests.feature(cucumber.api.testng.CucumberFeatureWrapper)[pri:0, instance:com.logintestCucumber.newCucuLogin.runner.runner@271053e1]" name="feature" class="cucumber.api.testng.AbstractTestNGCucumberTests"/>
      </group> <!-- cucumber -->
    </groups>
    <test name="Test" duration-ms="6622" started-at="2018-07-01T10:57:51Z" finished-at="2018-07-01T10:57:58Z">
      <class name="com.logintestCucumber.newCucuLogin.runner.runner">
        <test-method status="PASS" signature="setUpClass()[pri:0, instance:com.logintestCucumber.newCucuLogin.runner.runner@271053e1]" name="setUpClass" is-config="true" duration-ms="166" started-at="2018-07-01T10:57:51Z" finished-at="2018-07-01T10:57:52Z">
          <reporter-output>
          </reporter-output>
        </test-method> <!-- setUpClass -->
        <test-method status="PASS" signature="feature(cucumber.api.testng.CucumberFeatureWrapper)[pri:0, instance:com.logintestCucumber.newCucuLogin.runner.runner@271053e1]" name="feature" duration-ms="6368" started-at="2018-07-01T10:57:52Z" description="Runs Cucumber Feature" data-provider="features" finished-at="2018-07-01T10:57:58Z">
          <params>
            <param index="0">
              <value>
                <![CDATA[Login Test Functionality]]>
              </value>
            </param>
          </params>
          <reporter-output>
          </reporter-output>
        </test-method> <!-- feature -->
        <test-method status="PASS" signature="tearDownClass()[pri:0, instance:com.logintestCucumber.newCucuLogin.runner.runner@271053e1]" name="tearDownClass" is-config="true" duration-ms="5" started-at="2018-07-01T10:57:58Z" finished-at="2018-07-01T10:57:58Z">
          <reporter-output>
          </reporter-output>
        </test-method> <!-- tearDownClass -->
      </class> <!-- com.logintestCucumber.newCucuLogin.runner.runner -->
    </test> <!-- Test -->
  </suite> <!-- Suite -->
</testng-results>
