<?xml version="1.0" encoding="UTF-8"?>
<testng-results skipped="0" failed="0" ignored="0" total="1" passed="1">
  <reporter-output>
  </reporter-output>
  <suite name="Suite" duration-ms="33" started-at="2018-04-07T14:27:29Z" finished-at="2018-04-07T14:27:29Z">
    <groups>
    </groups>
    <test name="Test" duration-ms="33" started-at="2018-04-07T14:27:29Z" finished-at="2018-04-07T14:27:29Z">
      <class name="org.companyname.projectname.WebSrvcAutomation.SampleWebSvcTest">
        <test-method status="PASS" signature="simpleTest()[pri:0, instance:org.companyname.projectname.WebSrvcAutomation.SampleWebSvcTest@6e8dacdf]" name="simpleTest" duration-ms="7" started-at="2018-04-07T14:27:29Z" finished-at="2018-04-07T14:27:29Z">
          <reporter-output>
          </reporter-output>
        </test-method> <!-- simpleTest -->
      </class> <!-- org.companyname.projectname.WebSrvcAutomation.SampleWebSvcTest -->
    </test> <!-- Test -->
  </suite> <!-- Suite -->
</testng-results>
